[15-Apr-2025 03:56:11 UTC] DNF Visualizer: Parent directory /web/stats/dnf is writable
[15-Apr-2025 03:56:11 UTC] DNF Visualizer: Creating database copy: /web/stats/dnf/history_copy.sqlite
[15-Apr-2025 03:56:11 UTC] DNF Visualizer: Database copy created and permissions set
[15-Apr-2025 03:56:11 UTC] DNF Visualizer: Attempting to open database copy: /web/stats/dnf/history_copy.sqlite
[15-Apr-2025 03:56:11 UTC] DNF Visualizer: Database copy opened successfully
[15-Apr-2025 03:56:11 UTC] DNF Visualizer: Parent directory /web/stats/dnf is writable
[15-Apr-2025 03:56:11 UTC] DNF Visualizer: Attempting to open database copy: /web/stats/dnf/history_copy.sqlite
[15-Apr-2025 03:56:11 UTC] DNF Visualizer: Database copy opened successfully
[15-Apr-2025 03:56:11 UTC] DNF Visualizer: Parent directory /web/stats/dnf is writable
[15-Apr-2025 03:56:11 UTC] DNF Visualizer: Attempting to open database copy: /web/stats/dnf/history_copy.sqlite
[15-Apr-2025 03:56:11 UTC] DNF Visualizer: Database copy opened successfully
[15-Apr-2025 03:56:15 UTC] DNF Visualizer: Parent directory /web/stats/dnf is writable
[15-Apr-2025 03:56:15 UTC] DNF Visualizer: Attempting to open database copy: /web/stats/dnf/history_copy.sqlite
[15-Apr-2025 03:56:15 UTC] DNF Visualizer: Database copy opened successfully
[15-Apr-2025 03:56:59 UTC] DNF Visualizer: Parent directory /web/stats/dnf is writable
[15-Apr-2025 03:56:59 UTC] DNF Visualizer: Attempting to open database copy: /web/stats/dnf/history_copy.sqlite
[15-Apr-2025 03:56:59 UTC] DNF Visualizer: Database copy opened successfully
[15-Apr-2025 03:57:26 UTC] DNF Visualizer: Parent directory /web/stats/dnf is writable
[15-Apr-2025 03:57:26 UTC] DNF Visualizer: Attempting to open database copy: /web/stats/dnf/history_copy.sqlite
[15-Apr-2025 03:57:26 UTC] DNF Visualizer: Database copy opened successfully
[15-Apr-2025 03:57:28 UTC] DNF Visualizer: Parent directory /web/stats/dnf is writable
[15-Apr-2025 03:57:28 UTC] DNF Visualizer: Attempting to open database copy: /web/stats/dnf/history_copy.sqlite
[15-Apr-2025 03:57:28 UTC] DNF Visualizer: Database copy opened successfully
[15-Apr-2025 03:57:30 UTC] DNF Visualizer: Parent directory /web/stats/dnf is writable
[15-Apr-2025 03:57:30 UTC] DNF Visualizer: Attempting to open database copy: /web/stats/dnf/history_copy.sqlite
[15-Apr-2025 03:57:30 UTC] DNF Visualizer: Database copy opened successfully
[15-Apr-2025 03:57:32 UTC] DNF Visualizer: Parent directory /web/stats/dnf is writable
[15-Apr-2025 03:57:32 UTC] DNF Visualizer: Attempting to open database copy: /web/stats/dnf/history_copy.sqlite
[15-Apr-2025 03:57:32 UTC] DNF Visualizer: Database copy opened successfully
[15-Apr-2025 03:58:09 UTC] DNF Visualizer: Parent directory /web/stats/dnf is writable
[15-Apr-2025 03:58:09 UTC] DNF Visualizer: Attempting to open database copy: /web/stats/dnf/history_copy.sqlite
[15-Apr-2025 03:58:09 UTC] DNF Visualizer: Database copy opened successfully
[15-Apr-2025 03:58:10 UTC] DNF Visualizer: Parent directory /web/stats/dnf is writable
[15-Apr-2025 03:58:10 UTC] DNF Visualizer: Attempting to open database copy: /web/stats/dnf/history_copy.sqlite
[15-Apr-2025 03:58:10 UTC] DNF Visualizer: Database copy opened successfully
[15-Apr-2025 03:58:10 UTC] DNF Visualizer: Parent directory /web/stats/dnf is writable
[15-Apr-2025 03:58:10 UTC] DNF Visualizer: Attempting to open database copy: /web/stats/dnf/history_copy.sqlite
[15-Apr-2025 03:58:10 UTC] DNF Visualizer: Database copy opened successfully
[15-Apr-2025 03:58:39 UTC] DNF Visualizer: Parent directory /web/stats/dnf is writable
[15-Apr-2025 03:58:39 UTC] DNF Visualizer: Attempting to open database copy: /web/stats/dnf/history_copy.sqlite
[15-Apr-2025 03:58:39 UTC] DNF Visualizer: Database copy opened successfully
[15-Apr-2025 03:59:06 UTC] DNF Visualizer: Parent directory /web/stats/dnf is writable
[15-Apr-2025 03:59:06 UTC] DNF Visualizer: Attempting to open database copy: /web/stats/dnf/history_copy.sqlite
[15-Apr-2025 03:59:06 UTC] DNF Visualizer: Database copy opened successfully
[15-Apr-2025 03:59:06 UTC] DNF Visualizer: Parent directory /web/stats/dnf is writable
[15-Apr-2025 03:59:06 UTC] DNF Visualizer: Attempting to open database copy: /web/stats/dnf/history_copy.sqlite
[15-Apr-2025 03:59:06 UTC] DNF Visualizer: Database copy opened successfully
[15-Apr-2025 03:59:06 UTC] DNF Visualizer: Parent directory /web/stats/dnf is writable
[15-Apr-2025 03:59:06 UTC] DNF Visualizer: Attempting to open database copy: /web/stats/dnf/history_copy.sqlite
[15-Apr-2025 03:59:06 UTC] DNF Visualizer: Database copy opened successfully
[15-Apr-2025 03:59:12 UTC] DNF Visualizer: Parent directory /web/stats/dnf is writable
[15-Apr-2025 03:59:12 UTC] DNF Visualizer: Attempting to open database copy: /web/stats/dnf/history_copy.sqlite
[15-Apr-2025 03:59:12 UTC] DNF Visualizer: Database copy opened successfully
[15-Apr-2025 03:59:50 UTC] DNF Visualizer: Parent directory /web/stats/dnf is writable
[15-Apr-2025 03:59:50 UTC] DNF Visualizer: Attempting to open database copy: /web/stats/dnf/history_copy.sqlite
[15-Apr-2025 03:59:50 UTC] DNF Visualizer: Database copy opened successfully
[15-Apr-2025 04:00:28 UTC] DNF Visualizer: Parent directory /web/stats/dnf is writable
[15-Apr-2025 04:00:28 UTC] DNF Visualizer: Attempting to open database copy: /web/stats/dnf/history_copy.sqlite
[15-Apr-2025 04:00:28 UTC] DNF Visualizer: Database copy opened successfully
[15-Apr-2025 04:00:28 UTC] DNF Visualizer: Parent directory /web/stats/dnf is writable
[15-Apr-2025 04:00:28 UTC] DNF Visualizer: Attempting to open database copy: /web/stats/dnf/history_copy.sqlite
[15-Apr-2025 04:00:28 UTC] DNF Visualizer: Database copy opened successfully
[15-Apr-2025 04:00:29 UTC] DNF Visualizer: Parent directory /web/stats/dnf is writable
[15-Apr-2025 04:00:29 UTC] DNF Visualizer: Attempting to open database copy: /web/stats/dnf/history_copy.sqlite
[15-Apr-2025 04:00:29 UTC] DNF Visualizer: Database copy opened successfully
[15-Apr-2025 04:06:41 UTC] DNF Visualizer: Parent directory /web/stats/dnf is writable
[15-Apr-2025 04:06:41 UTC] DNF Visualizer: Attempting to open database copy: /web/stats/dnf/history_copy.sqlite
[15-Apr-2025 04:06:41 UTC] DNF Visualizer: Database copy opened successfully. SQLite version: 3.34.1, Size: 3043328 bytes
[15-Apr-2025 04:06:46 UTC] DNF Visualizer: Parent directory /web/stats/dnf is writable
[15-Apr-2025 04:06:46 UTC] DNF Visualizer: Attempting to open database copy: /web/stats/dnf/history_copy.sqlite
[15-Apr-2025 04:06:46 UTC] DNF Visualizer: Database copy opened successfully. SQLite version: 3.34.1, Size: 3043328 bytes
[15-Apr-2025 04:06:48 UTC] DNF Visualizer: Parent directory /web/stats/dnf is writable
[15-Apr-2025 04:06:48 UTC] DNF Visualizer: Attempting to open database copy: /web/stats/dnf/history_copy.sqlite
[15-Apr-2025 04:06:48 UTC] DNF Visualizer: Database copy opened successfully. SQLite version: 3.34.1, Size: 3043328 bytes
[15-Apr-2025 04:08:08 UTC] DNF Visualizer: Parent directory /web/stats/dnf is writable
[15-Apr-2025 04:08:08 UTC] DNF Visualizer: Attempting to open database copy: /web/stats/dnf/history_copy.sqlite
[15-Apr-2025 04:08:08 UTC] DNF Visualizer: Database copy opened successfully. SQLite version: 3.34.1, Size: 3043328 bytes
[15-Apr-2025 04:08:09 UTC] DNF Visualizer: Parent directory /web/stats/dnf is writable
[15-Apr-2025 04:08:09 UTC] DNF Visualizer: Attempting to open database copy: /web/stats/dnf/history_copy.sqlite
[15-Apr-2025 04:08:09 UTC] DNF Visualizer: Database copy opened successfully. SQLite version: 3.34.1, Size: 3043328 bytes
[15-Apr-2025 04:08:10 UTC] DNF Visualizer: Parent directory /web/stats/dnf is writable
[15-Apr-2025 04:08:10 UTC] DNF Visualizer: Attempting to open database copy: /web/stats/dnf/history_copy.sqlite
[15-Apr-2025 04:08:10 UTC] DNF Visualizer: Database copy opened successfully. SQLite version: 3.34.1, Size: 3043328 bytes
[15-Apr-2025 04:08:11 UTC] DNF Visualizer: Parent directory /web/stats/dnf is writable
[15-Apr-2025 04:08:11 UTC] DNF Visualizer: Attempting to open database copy: /web/stats/dnf/history_copy.sqlite
[15-Apr-2025 04:08:11 UTC] DNF Visualizer: Database copy opened successfully. SQLite version: 3.34.1, Size: 3043328 bytes
[15-Apr-2025 04:08:12 UTC] DNF Visualizer: Parent directory /web/stats/dnf is writable
[15-Apr-2025 04:08:12 UTC] DNF Visualizer: Attempting to open database copy: /web/stats/dnf/history_copy.sqlite
[15-Apr-2025 04:08:12 UTC] DNF Visualizer: Database copy opened successfully. SQLite version: 3.34.1, Size: 3043328 bytes
[15-Apr-2025 04:08:44 UTC] DNF Visualizer: Parent directory /web/stats/dnf is writable
[15-Apr-2025 04:08:44 UTC] DNF Visualizer: Attempting to open database copy: /web/stats/dnf/history_copy.sqlite
[15-Apr-2025 04:08:44 UTC] DNF Visualizer: Database copy opened successfully. SQLite version: 3.34.1, Size: 3043328 bytes
[15-Apr-2025 04:08:44 UTC] DNF Visualizer: Parent directory /web/stats/dnf is writable
[15-Apr-2025 04:08:44 UTC] DNF Visualizer: Attempting to open database copy: /web/stats/dnf/history_copy.sqlite
[15-Apr-2025 04:08:44 UTC] DNF Visualizer: Database copy opened successfully. SQLite version: 3.34.1, Size: 3043328 bytes
[15-Apr-2025 04:08:45 UTC] DNF Visualizer: Parent directory /web/stats/dnf is writable
[15-Apr-2025 04:08:45 UTC] DNF Visualizer: Attempting to open database copy: /web/stats/dnf/history_copy.sqlite
[15-Apr-2025 04:08:45 UTC] DNF Visualizer: Database copy opened successfully. SQLite version: 3.34.1, Size: 3043328 bytes
[15-Apr-2025 04:08:46 UTC] DNF Visualizer: Parent directory /web/stats/dnf is writable
[15-Apr-2025 04:08:46 UTC] DNF Visualizer: Attempting to open database copy: /web/stats/dnf/history_copy.sqlite
[15-Apr-2025 04:08:46 UTC] DNF Visualizer: Database copy opened successfully. SQLite version: 3.34.1, Size: 3043328 bytes
[15-Apr-2025 04:08:46 UTC] DNF Visualizer: Parent directory /web/stats/dnf is writable
[15-Apr-2025 04:08:46 UTC] DNF Visualizer: Attempting to open database copy: /web/stats/dnf/history_copy.sqlite
[15-Apr-2025 04:08:46 UTC] DNF Visualizer: Database copy opened successfully. SQLite version: 3.34.1, Size: 3043328 bytes
[15-Apr-2025 04:08:47 UTC] DNF Visualizer: Parent directory /web/stats/dnf is writable
[15-Apr-2025 04:08:47 UTC] DNF Visualizer: Attempting to open database copy: /web/stats/dnf/history_copy.sqlite
[15-Apr-2025 04:08:47 UTC] DNF Visualizer: Database copy opened successfully. SQLite version: 3.34.1, Size: 3043328 bytes
[15-Apr-2025 04:08:49 UTC] DNF Visualizer: Parent directory /web/stats/dnf is writable
[15-Apr-2025 04:08:49 UTC] DNF Visualizer: Attempting to open database copy: /web/stats/dnf/history_copy.sqlite
[15-Apr-2025 04:08:49 UTC] DNF Visualizer: Database copy opened successfully. SQLite version: 3.34.1, Size: 3043328 bytes
[15-Apr-2025 04:08:50 UTC] DNF Visualizer: Parent directory /web/stats/dnf is writable
[15-Apr-2025 04:08:50 UTC] DNF Visualizer: Attempting to open database copy: /web/stats/dnf/history_copy.sqlite
[15-Apr-2025 04:08:50 UTC] DNF Visualizer: Database copy opened successfully. SQLite version: 3.34.1, Size: 3043328 bytes
[15-Apr-2025 04:12:12 UTC] DNF Visualizer: Parent directory /web/stats/dnf is writable
[15-Apr-2025 04:12:12 UTC] DNF Visualizer: Attempting to open database copy: /web/stats/dnf/history_copy.sqlite
[15-Apr-2025 04:12:12 UTC] DNF Visualizer: Database copy opened successfully
[15-Apr-2025 04:12:12 UTC] DNF Visualizer: Parent directory /web/stats/dnf is writable
[15-Apr-2025 04:12:12 UTC] DNF Visualizer: Attempting to open database copy: /web/stats/dnf/history_copy.sqlite
[15-Apr-2025 04:12:12 UTC] DNF Visualizer: Database copy opened successfully
[15-Apr-2025 04:12:12 UTC] DNF Visualizer: Parent directory /web/stats/dnf is writable
[15-Apr-2025 04:12:12 UTC] DNF Visualizer: Attempting to open database copy: /web/stats/dnf/history_copy.sqlite
[15-Apr-2025 04:12:12 UTC] DNF Visualizer: Database copy opened successfully
[15-Apr-2025 04:12:18 UTC] DNF Visualizer: Parent directory /web/stats/dnf is writable
[15-Apr-2025 04:12:18 UTC] DNF Visualizer: Attempting to open database copy: /web/stats/dnf/history_copy.sqlite
[15-Apr-2025 04:12:18 UTC] DNF Visualizer: Database copy opened successfully
[15-Apr-2025 04:12:28 UTC] DNF Visualizer: Parent directory /web/stats/dnf is writable
[15-Apr-2025 04:12:28 UTC] DNF Visualizer: Attempting to open database copy: /web/stats/dnf/history_copy.sqlite
[15-Apr-2025 04:12:28 UTC] DNF Visualizer: Database copy opened successfully
[15-Apr-2025 04:15:11 UTC] DNF Visualizer: Parent directory /web/stats/dnf is writable
[15-Apr-2025 04:15:11 UTC] DNF Visualizer: Attempting to open database copy: /web/stats/dnf/history_copy.sqlite
[15-Apr-2025 04:15:11 UTC] DNF Visualizer: Database copy opened successfully
[15-Apr-2025 04:15:28 UTC] DNF Visualizer: Parent directory /web/stats/dnf is writable
[15-Apr-2025 04:15:28 UTC] DNF Visualizer: Attempting to open database copy: /web/stats/dnf/history_copy.sqlite
[15-Apr-2025 04:15:28 UTC] DNF Visualizer: Database copy opened successfully
[15-Apr-2025 04:15:34 UTC] DNF Visualizer: Parent directory /web/stats/dnf is writable
[15-Apr-2025 04:15:34 UTC] DNF Visualizer: Attempting to open database copy: /web/stats/dnf/history_copy.sqlite
[15-Apr-2025 04:15:34 UTC] DNF Visualizer: Database copy opened successfully
[15-Apr-2025 04:15:36 UTC] DNF Visualizer: Parent directory /web/stats/dnf is writable
[15-Apr-2025 04:15:36 UTC] DNF Visualizer: Attempting to open database copy: /web/stats/dnf/history_copy.sqlite
[15-Apr-2025 04:15:36 UTC] DNF Visualizer: Database copy opened successfully
[15-Apr-2025 04:15:38 UTC] DNF Visualizer: Parent directory /web/stats/dnf is writable
[15-Apr-2025 04:15:38 UTC] DNF Visualizer: Attempting to open database copy: /web/stats/dnf/history_copy.sqlite
[15-Apr-2025 04:15:38 UTC] DNF Visualizer: Database copy opened successfully
[15-Apr-2025 04:16:03 UTC] DNF Visualizer: Parent directory /web/stats/dnf is writable
[15-Apr-2025 04:16:03 UTC] DNF Visualizer: Attempting to open database copy: /web/stats/dnf/history_copy.sqlite
[15-Apr-2025 04:16:03 UTC] DNF Visualizer: Database copy opened successfully
[15-Apr-2025 04:16:05 UTC] DNF Visualizer: Parent directory /web/stats/dnf is writable
[15-Apr-2025 04:16:05 UTC] DNF Visualizer: Attempting to open database copy: /web/stats/dnf/history_copy.sqlite
[15-Apr-2025 04:16:05 UTC] DNF Visualizer: Database copy opened successfully
[15-Apr-2025 04:18:31 UTC] DNF Visualizer: Parent directory /web/stats/dnf is writable
[15-Apr-2025 04:18:31 UTC] DNF Visualizer: Attempting to open database copy: /web/stats/dnf/history_copy.sqlite
[15-Apr-2025 04:18:31 UTC] DNF Visualizer: Database copy opened successfully
[15-Apr-2025 04:18:31 UTC] DNF Visualizer: Parent directory /web/stats/dnf is writable
[15-Apr-2025 04:18:31 UTC] DNF Visualizer: Attempting to open database copy: /web/stats/dnf/history_copy.sqlite
[15-Apr-2025 04:18:31 UTC] DNF Visualizer: Database copy opened successfully
[15-Apr-2025 04:18:31 UTC] DNF Visualizer: Parent directory /web/stats/dnf is writable
[15-Apr-2025 04:18:31 UTC] DNF Visualizer: Attempting to open database copy: /web/stats/dnf/history_copy.sqlite
[15-Apr-2025 04:18:31 UTC] DNF Visualizer: Database copy opened successfully
[15-Apr-2025 04:19:02 UTC] DNF Visualizer: Parent directory /web/stats/dnf is writable
[15-Apr-2025 04:19:02 UTC] DNF Visualizer: Attempting to open database copy: /web/stats/dnf/history_copy.sqlite
[15-Apr-2025 04:19:02 UTC] DNF Visualizer: Database copy opened successfully
[15-Apr-2025 04:19:54 UTC] DNF Visualizer: Parent directory /web/stats/dnf is writable
[15-Apr-2025 04:19:54 UTC] DNF Visualizer: Attempting to open database copy: /web/stats/dnf/history_copy.sqlite
[15-Apr-2025 04:19:54 UTC] DNF Visualizer: Database copy opened successfully
[15-Apr-2025 04:19:58 UTC] DNF Visualizer: Parent directory /web/stats/dnf is writable
[15-Apr-2025 04:19:58 UTC] DNF Visualizer: Attempting to open database copy: /web/stats/dnf/history_copy.sqlite
[15-Apr-2025 04:19:58 UTC] DNF Visualizer: Database copy opened successfully
[15-Apr-2025 04:22:56 UTC] DNF Visualizer: Parent directory /web/stats/dnf is writable
[15-Apr-2025 04:22:56 UTC] DNF Visualizer: Attempting to open database copy: /web/stats/dnf/history_copy.sqlite
[15-Apr-2025 04:22:56 UTC] DNF Visualizer: Database copy opened successfully
[15-Apr-2025 04:23:40 UTC] DNF Visualizer: Parent directory /web/stats/dnf is writable
[15-Apr-2025 04:23:40 UTC] DNF Visualizer: Attempting to open database copy: /web/stats/dnf/history_copy.sqlite
[15-Apr-2025 04:23:40 UTC] DNF Visualizer: Database copy opened successfully
[15-Apr-2025 04:23:42 UTC] DNF Visualizer: Parent directory /web/stats/dnf is writable
[15-Apr-2025 04:23:42 UTC] DNF Visualizer: Attempting to open database copy: /web/stats/dnf/history_copy.sqlite
[15-Apr-2025 04:23:42 UTC] DNF Visualizer: Database copy opened successfully
[15-Apr-2025 04:23:44 UTC] DNF Visualizer: Parent directory /web/stats/dnf is writable
[15-Apr-2025 04:23:44 UTC] DNF Visualizer: Attempting to open database copy: /web/stats/dnf/history_copy.sqlite
[15-Apr-2025 04:23:44 UTC] DNF Visualizer: Database copy opened successfully
[15-Apr-2025 04:23:47 UTC] DNF Visualizer: Parent directory /web/stats/dnf is writable
[15-Apr-2025 04:23:47 UTC] DNF Visualizer: Attempting to open database copy: /web/stats/dnf/history_copy.sqlite
[15-Apr-2025 04:23:47 UTC] DNF Visualizer: Database copy opened successfully
[15-Apr-2025 04:23:49 UTC] DNF Visualizer: Parent directory /web/stats/dnf is writable
[15-Apr-2025 04:23:49 UTC] DNF Visualizer: Attempting to open database copy: /web/stats/dnf/history_copy.sqlite
[15-Apr-2025 04:23:49 UTC] DNF Visualizer: Database copy opened successfully
[15-Apr-2025 04:25:14 UTC] DNF Visualizer: Parent directory /web/stats/dnf is writable
[15-Apr-2025 04:25:14 UTC] DNF Visualizer: Attempting to open database copy: /web/stats/dnf/history_copy.sqlite
[15-Apr-2025 04:25:14 UTC] DNF Visualizer: Database copy opened successfully
[15-Apr-2025 04:25:17 UTC] DNF Visualizer: Parent directory /web/stats/dnf is writable
[15-Apr-2025 04:25:17 UTC] DNF Visualizer: Attempting to open database copy: /web/stats/dnf/history_copy.sqlite
[15-Apr-2025 04:25:17 UTC] DNF Visualizer: Database copy opened successfully
[15-Apr-2025 04:25:20 UTC] DNF Visualizer: Parent directory /web/stats/dnf is writable
[15-Apr-2025 04:25:20 UTC] DNF Visualizer: Attempting to open database copy: /web/stats/dnf/history_copy.sqlite
[15-Apr-2025 04:25:20 UTC] DNF Visualizer: Database copy opened successfully
[15-Apr-2025 04:26:19 UTC] DNF Visualizer: Parent directory /web/stats/dnf is writable
[15-Apr-2025 04:26:19 UTC] DNF Visualizer: Attempting to open database copy: /web/stats/dnf/history_copy.sqlite
[15-Apr-2025 04:26:19 UTC] DNF Visualizer: Database copy opened successfully
[15-Apr-2025 04:26:36 UTC] DNF Visualizer: Parent directory /web/stats/dnf is writable
[15-Apr-2025 04:26:36 UTC] DNF Visualizer: Attempting to open database copy: /web/stats/dnf/history_copy.sqlite
[15-Apr-2025 04:26:36 UTC] DNF Visualizer: Database copy opened successfully
[15-Apr-2025 04:26:39 UTC] DNF Visualizer: Parent directory /web/stats/dnf is writable
[15-Apr-2025 04:26:39 UTC] DNF Visualizer: Attempting to open database copy: /web/stats/dnf/history_copy.sqlite
[15-Apr-2025 04:26:39 UTC] DNF Visualizer: Database copy opened successfully
[19-Apr-2025 13:48:37 UTC] DNF Visualizer: Parent directory /web/stats/dnf is writable
[19-Apr-2025 13:48:37 UTC] DNF Visualizer: Attempting to open database copy: /web/stats/dnf/history_copy.sqlite
[19-Apr-2025 13:48:37 UTC] DNF Visualizer: Database copy opened successfully
[19-Apr-2025 13:48:43 UTC] DNF Visualizer: Parent directory /web/stats/dnf is writable
[19-Apr-2025 13:48:43 UTC] DNF Visualizer: Attempting to open database copy: /web/stats/dnf/history_copy.sqlite
[19-Apr-2025 13:48:43 UTC] DNF Visualizer: Database copy opened successfully
[18-May-2025 04:08:03 UTC] DNF Visualizer: Parent directory /web/stats/dnf is writable
[18-May-2025 04:08:03 UTC] DNF Visualizer: Attempting to open database copy: /web/stats/dnf/history_copy.sqlite
[18-May-2025 04:08:03 UTC] DNF Visualizer: Database copy opened successfully
[18-May-2025 16:17:04 UTC] DNF Visualizer: Parent directory /web/stats/dnf is writable
[18-May-2025 16:17:04 UTC] DNF Visualizer: Attempting to open database copy: /web/stats/dnf/history_copy.sqlite
[18-May-2025 16:17:04 UTC] DNF Visualizer: Database copy opened successfully
